ERROR - 2022-07-04 10:02:49 --> Column 'fecha' cannot be null
CRITICAL - 2022-07-04 10:45:56 --> Argument 2 passed to view() must be of the type array, null given, called in C:\xampp\htdocs\indicadores\app\Controllers\Indicadores.php on line 53
in SYSTEMPATH\Common.php on line 1121.
 1 APPPATH\Controllers\Indicadores.php(53): view('/edith', null)
 2 SYSTEMPATH\CodeIgniter.php(896): App\Controllers\Indicadores->edith('3')
 3 SYSTEMPATH\CodeIgniter.php(466): CodeIgniter\CodeIgniter->runController(Object(App\Controllers\Indicadores))
 4 SYSTEMPATH\CodeIgniter.php(349): CodeIgniter\CodeIgniter->handleRequest(null, Object(Config\Cache), false)
 5 FCPATH\index.php(55): CodeIgniter\CodeIgniter->run()
CRITICAL - 2022-07-04 10:46:19 --> Argument 2 passed to view() must be of the type array, null given, called in C:\xampp\htdocs\indicadores\app\Controllers\Indicadores.php on line 53
in SYSTEMPATH\Common.php on line 1121.
 1 APPPATH\Controllers\Indicadores.php(53): view('indicadores/edith', null)
 2 SYSTEMPATH\CodeIgniter.php(896): App\Controllers\Indicadores->edith('3')
 3 SYSTEMPATH\CodeIgniter.php(466): CodeIgniter\CodeIgniter->runController(Object(App\Controllers\Indicadores))
 4 SYSTEMPATH\CodeIgniter.php(349): CodeIgniter\CodeIgniter->handleRequest(null, Object(Config\Cache), false)
 5 FCPATH\index.php(55): CodeIgniter\CodeIgniter->run()
CRITICAL - 2022-07-04 11:28:04 --> syntax error, unexpected end of file
in APPPATH\Views\indicadores\edith.php on line 43.
 1 SYSTEMPATH\View\View.php(216): CodeIgniter\View\View->CodeIgniter\View\{closure}()
 2 SYSTEMPATH\Common.php(1135): CodeIgniter\View\View->render('indicadores/edith', [], true)
 3 APPPATH\Controllers\Indicadores.php(54): view('indicadores/edith', [...])
 4 SYSTEMPATH\CodeIgniter.php(896): App\Controllers\Indicadores->edith('6')
 5 SYSTEMPATH\CodeIgniter.php(466): CodeIgniter\CodeIgniter->runController(Object(App\Controllers\Indicadores))
 6 SYSTEMPATH\CodeIgniter.php(349): CodeIgniter\CodeIgniter->handleRequest(null, Object(Config\Cache), false)
 7 FCPATH\index.php(55): CodeIgniter\CodeIgniter->run()
