ERROR - 2022-07-02 18:27:13 --> Table 'indicadores.uf' doesn't exist
CRITICAL - 2022-07-02 18:27:14 --> Call to a member function getResult() on bool
in SYSTEMPATH\Model.php on line 223.
 1 SYSTEMPATH\BaseModel.php(584): CodeIgniter\Model->doFindAll(0, 0)
 2 APPPATH\Controllers\Indicadores.php(12): CodeIgniter\BaseModel->findAll()
 3 SYSTEMPATH\CodeIgniter.php(896): App\Controllers\Indicadores->index()
 4 SYSTEMPATH\CodeIgniter.php(466): CodeIgniter\CodeIgniter->runController(Object(App\Controllers\Indicadores))
 5 SYSTEMPATH\CodeIgniter.php(349): CodeIgniter\CodeIgniter->handleRequest(null, Object(Config\Cache), false)
 6 FCPATH\index.php(55): CodeIgniter\CodeIgniter->run()
CRITICAL - 2022-07-02 18:37:22 --> Object of class App\Models\Uf could not be converted to string
in APPPATH\Controllers\Indicadores.php on line 12.
 1 SYSTEMPATH\CodeIgniter.php(896): App\Controllers\Indicadores->index()
 2 SYSTEMPATH\CodeIgniter.php(466): CodeIgniter\CodeIgniter->runController(Object(App\Controllers\Indicadores))
 3 SYSTEMPATH\CodeIgniter.php(349): CodeIgniter\CodeIgniter->handleRequest(null, Object(Config\Cache), false)
 4 FCPATH\index.php(55): CodeIgniter\CodeIgniter->run()
CRITICAL - 2022-07-02 18:37:48 --> Object of class App\Models\Uf could not be converted to string
in APPPATH\Controllers\Indicadores.php on line 12.
 1 SYSTEMPATH\CodeIgniter.php(896): App\Controllers\Indicadores->index()
 2 SYSTEMPATH\CodeIgniter.php(466): CodeIgniter\CodeIgniter->runController(Object(App\Controllers\Indicadores))
 3 SYSTEMPATH\CodeIgniter.php(349): CodeIgniter\CodeIgniter->handleRequest(null, Object(Config\Cache), false)
 4 FCPATH\index.php(55): CodeIgniter\CodeIgniter->run()
CRITICAL - 2022-07-02 18:39:47 --> Cannot use object of type App\Models\Uf as array
in APPPATH\Controllers\Indicadores.php on line 12.
 1 SYSTEMPATH\CodeIgniter.php(896): App\Controllers\Indicadores->index()
 2 SYSTEMPATH\CodeIgniter.php(466): CodeIgniter\CodeIgniter->runController(Object(App\Controllers\Indicadores))
 3 SYSTEMPATH\CodeIgniter.php(349): CodeIgniter\CodeIgniter->handleRequest(null, Object(Config\Cache), false)
 4 FCPATH\index.php(55): CodeIgniter\CodeIgniter->run()
CRITICAL - 2022-07-02 18:40:16 --> You must set the database table to be used with your query.
in SYSTEMPATH\Database\BaseConnection.php on line 874.
 1 SYSTEMPATH\Model.php(586): CodeIgniter\Database\BaseConnection->table(null)
 2 SYSTEMPATH\Model.php(734): CodeIgniter\Model->builder()
 3 APPPATH\Controllers\Indicadores.php(12): CodeIgniter\Model->__get('id')
 4 SYSTEMPATH\CodeIgniter.php(896): App\Controllers\Indicadores->index()
 5 SYSTEMPATH\CodeIgniter.php(466): CodeIgniter\CodeIgniter->runController(Object(App\Controllers\Indicadores))
 6 SYSTEMPATH\CodeIgniter.php(349): CodeIgniter\CodeIgniter->handleRequest(null, Object(Config\Cache), false)
 7 FCPATH\index.php(55): CodeIgniter\CodeIgniter->run()
ERROR - 2022-07-02 18:41:04 --> Table 'indicadores.ufs' doesn't exist
CRITICAL - 2022-07-02 18:41:04 --> Call to a member function getResult() on bool
in SYSTEMPATH\Model.php on line 223.
 1 SYSTEMPATH\BaseModel.php(584): CodeIgniter\Model->doFindAll(0, 0)
 2 APPPATH\Controllers\Indicadores.php(13): CodeIgniter\BaseModel->findAll()
 3 SYSTEMPATH\CodeIgniter.php(896): App\Controllers\Indicadores->index()
 4 SYSTEMPATH\CodeIgniter.php(466): CodeIgniter\CodeIgniter->runController(Object(App\Controllers\Indicadores))
 5 SYSTEMPATH\CodeIgniter.php(349): CodeIgniter\CodeIgniter->handleRequest(null, Object(Config\Cache), false)
 6 FCPATH\index.php(55): CodeIgniter\CodeIgniter->run()
CRITICAL - 2022-07-02 18:42:09 --> Cannot use object of type App\Models\Uf as array
in APPPATH\Controllers\Indicadores.php on line 12.
 1 SYSTEMPATH\CodeIgniter.php(896): App\Controllers\Indicadores->index()
 2 SYSTEMPATH\CodeIgniter.php(466): CodeIgniter\CodeIgniter->runController(Object(App\Controllers\Indicadores))
 3 SYSTEMPATH\CodeIgniter.php(349): CodeIgniter\CodeIgniter->handleRequest(null, Object(Config\Cache), false)
 4 FCPATH\index.php(55): CodeIgniter\CodeIgniter->run()
CRITICAL - 2022-07-02 18:42:24 --> Cannot use object of type App\Models\Uf as array
in APPPATH\Controllers\Indicadores.php on line 12.
 1 SYSTEMPATH\CodeIgniter.php(896): App\Controllers\Indicadores->index()
 2 SYSTEMPATH\CodeIgniter.php(466): CodeIgniter\CodeIgniter->runController(Object(App\Controllers\Indicadores))
 3 SYSTEMPATH\CodeIgniter.php(349): CodeIgniter\CodeIgniter->handleRequest(null, Object(Config\Cache), false)
 4 FCPATH\index.php(55): CodeIgniter\CodeIgniter->run()
CRITICAL - 2022-07-02 19:32:39 --> Invalid file: indicadores/create.php
in SYSTEMPATH\Exceptions\FrameworkException.php on line 33.
 1 SYSTEMPATH\View\View.php(201): CodeIgniter\Exceptions\FrameworkException::forInvalidFile('indicadores/create.php')
 2 SYSTEMPATH\Common.php(1135): CodeIgniter\View\View->render('indicadores/create', [], true)
 3 APPPATH\Controllers\Indicadores.php(29): view('indicadores/create', [...])
 4 SYSTEMPATH\CodeIgniter.php(896): App\Controllers\Indicadores->create()
 5 SYSTEMPATH\CodeIgniter.php(466): CodeIgniter\CodeIgniter->runController(Object(App\Controllers\Indicadores))
 6 SYSTEMPATH\CodeIgniter.php(349): CodeIgniter\CodeIgniter->handleRequest(null, Object(Config\Cache), false)
 7 FCPATH\index.php(55): CodeIgniter\CodeIgniter->run()
CRITICAL - 2022-07-02 20:03:13 --> Call to undefined function sites_url()
in APPPATH\Views\indicadores\create.php on line 8.
 1 SYSTEMPATH\View\View.php(213): include()
 2 SYSTEMPATH\View\View.php(216): CodeIgniter\View\View->CodeIgniter\View\{closure}()
 3 SYSTEMPATH\Common.php(1135): CodeIgniter\View\View->render('indicadores/create', [], true)
 4 APPPATH\Controllers\Indicadores.php(29): view('indicadores/create', [...])
 5 SYSTEMPATH\CodeIgniter.php(896): App\Controllers\Indicadores->create()
 6 SYSTEMPATH\CodeIgniter.php(466): CodeIgniter\CodeIgniter->runController(Object(App\Controllers\Indicadores))
 7 SYSTEMPATH\CodeIgniter.php(349): CodeIgniter\CodeIgniter->handleRequest(null, Object(Config\Cache), false)
 8 FCPATH\index.php(55): CodeIgniter\CodeIgniter->run()
CRITICAL - 2022-07-02 20:03:15 --> Call to undefined function sites_url()
in APPPATH\Views\indicadores\create.php on line 8.
 1 SYSTEMPATH\View\View.php(213): include()
 2 SYSTEMPATH\View\View.php(216): CodeIgniter\View\View->CodeIgniter\View\{closure}()
 3 SYSTEMPATH\Common.php(1135): CodeIgniter\View\View->render('indicadores/create', [], true)
 4 APPPATH\Controllers\Indicadores.php(29): view('indicadores/create', [...])
 5 SYSTEMPATH\CodeIgniter.php(896): App\Controllers\Indicadores->create()
 6 SYSTEMPATH\CodeIgniter.php(466): CodeIgniter\CodeIgniter->runController(Object(App\Controllers\Indicadores))
 7 SYSTEMPATH\CodeIgniter.php(349): CodeIgniter\CodeIgniter->handleRequest(null, Object(Config\Cache), false)
 8 FCPATH\index.php(55): CodeIgniter\CodeIgniter->run()
